  camera.cpp
D:\УЧЁБА_ТИМ\projects\ИКГ3\lab4_3\OpenGL_Lab3_2\camera.cpp(46,31): warning C4244: =: преобразование "double" в "float", возможна потеря данных
D:\УЧЁБА_ТИМ\projects\ИКГ3\lab4_3\OpenGL_Lab3_2\camera.cpp(50,31): warning C4244: =: преобразование "double" в "float", возможна потеря данных
D:\УЧЁБА_ТИМ\projects\ИКГ3\lab4_3\OpenGL_Lab3_2\camera.cpp(57,24): warning C4244: =: преобразование "double" в "float", возможна потеря данных
D:\УЧЁБА_ТИМ\projects\ИКГ3\lab4_3\OpenGL_Lab3_2\camera.cpp(61,30): warning C4244: =: преобразование "double" в "float", возможна потеря данных
D:\УЧЁБА_ТИМ\projects\ИКГ3\lab4_3\OpenGL_Lab3_2\camera.cpp(65,16): warning C4244: =: преобразование "double" в "float", возможна потеря данных
  glut_backend.cpp
  lighting_technique.cpp
D:\УЧЁБА_ТИМ\projects\ИКГ3\lab4_3\OpenGL_Lab3_2\lighting_technique.cpp(448,58): warning C4244: аргумент: преобразование "double" в "float", возможна потеря данных
  main.cpp
D:\УЧЁБА_ТИМ\projects\ИКГ3\lab4_3\OpenGL_Lab3_2\texture.h(25,10): fatal  error C1083: Не удается открыть файл включение: Magick++.h: No such file or directory,
  math_3d.cpp
D:\УЧЁБА_ТИМ\projects\ИКГ3\lab4_3\OpenGL_Lab3_2\math_3d.cpp(43,37): warning C4244: аргумент: преобразование "double" в "float", возможна потеря данных
D:\УЧЁБА_ТИМ\projects\ИКГ3\lab4_3\OpenGL_Lab3_2\math_3d.cpp(44,37): warning C4244: аргумент: преобразование "double" в "float", возможна потеря данных
D:\УЧЁБА_ТИМ\projects\ИКГ3\lab4_3\OpenGL_Lab3_2\math_3d.cpp(74,21): warning C4244: инициализация: преобразование "double" в "float", возможна потеря данных
D:\УЧЁБА_ТИМ\projects\ИКГ3\lab4_3\OpenGL_Lab3_2\math_3d.cpp(74,19): warning C4244: инициализация: преобразование "double" в "const float", возможна потеря данных
D:\УЧЁБА_ТИМ\projects\ИКГ3\lab4_3\OpenGL_Lab3_2\math_3d.cpp(75,21): warning C4244: инициализация: преобразование "double" в "float", возможна потеря данных
D:\УЧЁБА_ТИМ\projects\ИКГ3\lab4_3\OpenGL_Lab3_2\math_3d.cpp(75,19): warning C4244: инициализация: преобразование "double" в "const float", возможна потеря данных
D:\УЧЁБА_ТИМ\projects\ИКГ3\lab4_3\OpenGL_Lab3_2\math_3d.cpp(76,21): warning C4244: инициализация: преобразование "double" в "float", возможна потеря данных
D:\УЧЁБА_ТИМ\projects\ИКГ3\lab4_3\OpenGL_Lab3_2\math_3d.cpp(76,19): warning C4244: инициализация: преобразование "double" в "const float", возможна потеря данных
D:\УЧЁБА_ТИМ\projects\ИКГ3\lab4_3\OpenGL_Lab3_2\math_3d.cpp(124,35): warning C4244: аргумент: преобразование "double" в "float", возможна потеря данных
  mesh.cpp
D:\УЧЁБА_ТИМ\projects\ИКГ3\lab4_3\OpenGL_Lab3_2\texture.h(25,10): fatal  error C1083: Не удается открыть файл включение: Magick++.h: No such file or directory,
  pipeline.cpp
  shadow_map_fbo.cpp
  shadow_map_technique.cpp
  technique.cpp
D:\УЧЁБА_ТИМ\projects\ИКГ3\lab4_3\OpenGL_Lab3_2\technique.cpp(93,37): warning C4267: =: преобразование из "size_t" в "GLint"; возможна потеря данных
  texture.cpp
D:\УЧЁБА_ТИМ\projects\ИКГ3\lab4_3\OpenGL_Lab3_2\texture.h(25,10): fatal  error C1083: Не удается открыть файл включение: Magick++.h: No such file or directory,
  Создание кода...
